2022-07-15 16:39:21 [main] INFO  TwitterToKafkaApp - Starting TwitterToKafkaApp using Java 17.0.3.0.1 on Berkers-MBP.fritz.box with PID 18038 (/Users/berkerigdir/twitter-app/app/twitter-to-kafka/target/classes started by berkerigdir in /Users/berkerigdir/twitter-app/app)
2022-07-15 16:39:21 [main] INFO  TwitterToKafkaApp - No active profile set, falling back to 1 default profile: "default"
2022-07-15 16:39:22 [main] INFO  o.s.b.w.e.tomcat.TomcatWebServer - Tomcat initialized with port(s): 8080 (http)
2022-07-15 16:39:22 [main] INFO  o.a.coyote.http11.Http11NioProtocol - Initializing ProtocolHandler ["http-nio-8080"]
2022-07-15 16:39:22 [main] INFO  o.a.catalina.core.StandardService - Starting service [Tomcat]
2022-07-15 16:39:22 [main] INFO  o.a.catalina.core.StandardEngine - Starting Servlet engine: [Apache Tomcat/9.0.64]
2022-07-15 16:39:22 [main] INFO  o.a.c.c.C.[Tomcat].[localhost].[/] - Initializing Spring embedded WebApplicationContext
2022-07-15 16:39:22 [main] INFO  o.s.b.w.s.c.ServletWebServerApplicationContext - Root WebApplicationContext: initialization completed in 862 ms
2022-07-15 16:39:22 [main] WARN  o.s.b.w.s.c.AnnotationConfigServletWebServerApplicationContext - Exception encountered during context initialization - cancelling refresh attempt: org.springframework.beans.factory.UnsatisfiedDependencyException: Error creating bean with name 'twitterToKafkaApp': Unsatisfied dependency expressed through field 'properties'; nested exception is org.springframework.beans.factory.NoSuchBeanDefinitionException: No qualifying bean of type 'TwitterToKafkaProperties' available: expected at least 1 bean which qualifies as autowire candidate. Dependency annotations: {@org.springframework.beans.factory.annotation.Autowired(required=true)}
2022-07-15 16:39:22 [main] INFO  o.a.catalina.core.StandardService - Stopping service [Tomcat]
2022-07-15 16:39:22 [main] INFO  o.s.b.a.l.ConditionEvaluationReportLoggingListener - 

Error starting ApplicationContext. To display the conditions report re-run your application with 'debug' enabled.
2022-07-15 16:39:22 [main] ERROR o.s.b.d.LoggingFailureAnalysisReporter - 

***************************
APPLICATION FAILED TO START
***************************

Description:

Field properties in TwitterToKafkaApp required a bean of type 'TwitterToKafkaProperties' that could not be found.

The injection point has the following annotations:
	- @org.springframework.beans.factory.annotation.Autowired(required=true)


Action:

Consider defining a bean of type 'TwitterToKafkaProperties' in your configuration.

2022-07-15 16:43:49 [main] INFO  TwitterToKafkaApp - Starting TwitterToKafkaApp using Java 17.0.3.0.1 on Berkers-MBP.fritz.box with PID 18291 (/Users/berkerigdir/twitter-app/app/twitter-to-kafka/target/classes started by berkerigdir in /Users/berkerigdir/twitter-app/app)
2022-07-15 16:43:49 [main] INFO  TwitterToKafkaApp - No active profile set, falling back to 1 default profile: "default"
2022-07-15 16:43:50 [main] INFO  o.s.b.w.e.tomcat.TomcatWebServer - Tomcat initialized with port(s): 8080 (http)
2022-07-15 16:43:50 [main] INFO  o.a.coyote.http11.Http11NioProtocol - Initializing ProtocolHandler ["http-nio-8080"]
2022-07-15 16:43:50 [main] INFO  o.a.catalina.core.StandardService - Starting service [Tomcat]
2022-07-15 16:43:50 [main] INFO  o.a.catalina.core.StandardEngine - Starting Servlet engine: [Apache Tomcat/9.0.64]
2022-07-15 16:43:50 [main] INFO  o.a.c.c.C.[Tomcat].[localhost].[/] - Initializing Spring embedded WebApplicationContext
2022-07-15 16:43:50 [main] INFO  o.s.b.w.s.c.ServletWebServerApplicationContext - Root WebApplicationContext: initialization completed in 880 ms
2022-07-15 16:43:50 [main] WARN  o.s.b.w.s.c.AnnotationConfigServletWebServerApplicationContext - Exception encountered during context initialization - cancelling refresh attempt: org.springframework.beans.factory.UnsatisfiedDependencyException: Error creating bean with name 'twitterToKafkaApp': Unsatisfied dependency expressed through field 'properties'; nested exception is org.springframework.beans.factory.NoSuchBeanDefinitionException: No qualifying bean of type 'TwitterToKafkaProperties' available: expected at least 1 bean which qualifies as autowire candidate. Dependency annotations: {@org.springframework.beans.factory.annotation.Autowired(required=true)}
2022-07-15 16:43:50 [main] INFO  o.a.catalina.core.StandardService - Stopping service [Tomcat]
2022-07-15 16:43:50 [main] INFO  o.s.b.a.l.ConditionEvaluationReportLoggingListener - 

Error starting ApplicationContext. To display the conditions report re-run your application with 'debug' enabled.
2022-07-15 16:43:50 [main] ERROR o.s.b.d.LoggingFailureAnalysisReporter - 

***************************
APPLICATION FAILED TO START
***************************

Description:

Field properties in TwitterToKafkaApp required a bean of type 'TwitterToKafkaProperties' that could not be found.

The injection point has the following annotations:
	- @org.springframework.beans.factory.annotation.Autowired(required=true)


Action:

Consider defining a bean of type 'TwitterToKafkaProperties' in your configuration.

2022-07-15 16:48:35 [main] INFO  TwitterToKafkaApp - Starting TwitterToKafkaApp using Java 17.0.3.0.1 on Berkers-MBP.fritz.box with PID 18335 (/Users/berkerigdir/twitter-app/app/twitter-to-kafka/target/classes started by berkerigdir in /Users/berkerigdir/twitter-app/app)
2022-07-15 16:48:35 [main] INFO  TwitterToKafkaApp - No active profile set, falling back to 1 default profile: "default"
2022-07-15 16:48:36 [main] INFO  o.s.b.w.e.tomcat.TomcatWebServer - Tomcat initialized with port(s): 8080 (http)
2022-07-15 16:48:36 [main] INFO  o.a.coyote.http11.Http11NioProtocol - Initializing ProtocolHandler ["http-nio-8080"]
2022-07-15 16:48:36 [main] INFO  o.a.catalina.core.StandardService - Starting service [Tomcat]
2022-07-15 16:48:36 [main] INFO  o.a.catalina.core.StandardEngine - Starting Servlet engine: [Apache Tomcat/9.0.64]
2022-07-15 16:48:36 [main] INFO  o.a.c.c.C.[Tomcat].[localhost].[/] - Initializing Spring embedded WebApplicationContext
2022-07-15 16:48:36 [main] INFO  o.s.b.w.s.c.ServletWebServerApplicationContext - Root WebApplicationContext: initialization completed in 835 ms
2022-07-15 16:48:36 [main] WARN  o.s.b.w.s.c.AnnotationConfigServletWebServerApplicationContext - Exception encountered during context initialization - cancelling refresh attempt: org.springframework.beans.factory.UnsatisfiedDependencyException: Error creating bean with name 'twitterToKafkaApp': Unsatisfied dependency expressed through constructor parameter 0; nested exception is org.springframework.beans.factory.NoSuchBeanDefinitionException: No qualifying bean of type 'TwitterToKafkaProperties' available: expected at least 1 bean which qualifies as autowire candidate. Dependency annotations: {}
2022-07-15 16:48:36 [main] INFO  o.a.catalina.core.StandardService - Stopping service [Tomcat]
2022-07-15 16:48:36 [main] INFO  o.s.b.a.l.ConditionEvaluationReportLoggingListener - 

Error starting ApplicationContext. To display the conditions report re-run your application with 'debug' enabled.
2022-07-15 16:48:36 [main] ERROR o.s.b.d.LoggingFailureAnalysisReporter - 

***************************
APPLICATION FAILED TO START
***************************

Description:

Parameter 0 of constructor in TwitterToKafkaApp required a bean of type 'TwitterToKafkaProperties' that could not be found.


Action:

Consider defining a bean of type 'TwitterToKafkaProperties' in your configuration.

2022-07-15 17:01:30 [main] INFO  TwitterToKafkaApp - Starting TwitterToKafkaApp using Java 17.0.3.0.1 on Berkers-MBP.fritz.box with PID 18627 (/Users/berkerigdir/twitter-app/app/twitter-to-kafka/target/classes started by berkerigdir in /Users/berkerigdir/twitter-app/app)
2022-07-15 17:01:30 [main] INFO  TwitterToKafkaApp - No active profile set, falling back to 1 default profile: "default"
2022-07-15 17:01:31 [main] INFO  o.s.b.w.e.tomcat.TomcatWebServer - Tomcat initialized with port(s): 8080 (http)
2022-07-15 17:01:31 [main] INFO  o.a.coyote.http11.Http11NioProtocol - Initializing ProtocolHandler ["http-nio-8080"]
2022-07-15 17:01:31 [main] INFO  o.a.catalina.core.StandardService - Starting service [Tomcat]
2022-07-15 17:01:31 [main] INFO  o.a.catalina.core.StandardEngine - Starting Servlet engine: [Apache Tomcat/9.0.64]
2022-07-15 17:01:31 [main] INFO  o.a.c.c.C.[Tomcat].[localhost].[/] - Initializing Spring embedded WebApplicationContext
2022-07-15 17:01:31 [main] INFO  o.s.b.w.s.c.ServletWebServerApplicationContext - Root WebApplicationContext: initialization completed in 1008 ms
2022-07-15 17:01:31 [main] WARN  o.s.b.w.s.c.AnnotationConfigServletWebServerApplicationContext - Exception encountered during context initialization - cancelling refresh attempt: org.springframework.beans.factory.UnsatisfiedDependencyException: Error creating bean with name 'twitterToKafkaApp': Unsatisfied dependency expressed through constructor parameter 0; nested exception is org.springframework.beans.factory.NoSuchBeanDefinitionException: No qualifying bean of type 'TwitterToKafkaProperties' available: expected at least 1 bean which qualifies as autowire candidate. Dependency annotations: {}
2022-07-15 17:01:31 [main] INFO  o.a.catalina.core.StandardService - Stopping service [Tomcat]
2022-07-15 17:01:31 [main] INFO  o.s.b.a.l.ConditionEvaluationReportLoggingListener - 

Error starting ApplicationContext. To display the conditions report re-run your application with 'debug' enabled.
2022-07-15 17:01:31 [main] ERROR o.s.b.d.LoggingFailureAnalysisReporter - 

***************************
APPLICATION FAILED TO START
***************************

Description:

Parameter 0 of constructor in TwitterToKafkaApp required a bean of type 'TwitterToKafkaProperties' that could not be found.


Action:

Consider defining a bean of type 'TwitterToKafkaProperties' in your configuration.

2022-07-15 17:07:29 [main] INFO  c.twitter.app.demo.TwitterToKafkaApp - Starting TwitterToKafkaApp using Java 17.0.3.0.1 on Berkers-MBP.fritz.box with PID 18700 (/Users/berkerigdir/twitter-app/app/twitter-to-kafka/target/classes started by berkerigdir in /Users/berkerigdir/twitter-app/app)
2022-07-15 17:07:29 [main] INFO  c.twitter.app.demo.TwitterToKafkaApp - No active profile set, falling back to 1 default profile: "default"
2022-07-15 17:07:30 [main] INFO  o.s.b.w.e.tomcat.TomcatWebServer - Tomcat initialized with port(s): 8080 (http)
2022-07-15 17:07:30 [main] INFO  o.a.coyote.http11.Http11NioProtocol - Initializing ProtocolHandler ["http-nio-8080"]
2022-07-15 17:07:30 [main] INFO  o.a.catalina.core.StandardService - Starting service [Tomcat]
2022-07-15 17:07:30 [main] INFO  o.a.catalina.core.StandardEngine - Starting Servlet engine: [Apache Tomcat/9.0.64]
2022-07-15 17:07:30 [main] INFO  o.a.c.c.C.[Tomcat].[localhost].[/] - Initializing Spring embedded WebApplicationContext
2022-07-15 17:07:30 [main] INFO  o.s.b.w.s.c.ServletWebServerApplicationContext - Root WebApplicationContext: initialization completed in 805 ms
2022-07-15 17:07:30 [main] INFO  o.a.coyote.http11.Http11NioProtocol - Starting ProtocolHandler ["http-nio-8080"]
2022-07-15 17:07:30 [main] INFO  o.s.b.w.e.tomcat.TomcatWebServer - Tomcat started on port(s): 8080 (http) with context path ''
2022-07-15 17:07:30 [main] INFO  c.twitter.app.demo.TwitterToKafkaApp - Started TwitterToKafkaApp in 1.49 seconds (JVM running for 2.148)
2022-07-15 17:07:55 [main] INFO  c.twitter.app.demo.TwitterToKafkaApp - Starting TwitterToKafkaApp using Java 17.0.3.0.1 on Berkers-MBP.fritz.box with PID 18705 (/Users/berkerigdir/twitter-app/app/twitter-to-kafka/target/classes started by berkerigdir in /Users/berkerigdir/twitter-app/app)
2022-07-15 17:07:55 [main] INFO  c.twitter.app.demo.TwitterToKafkaApp - No active profile set, falling back to 1 default profile: "default"
2022-07-15 17:07:55 [main] INFO  o.s.b.w.e.tomcat.TomcatWebServer - Tomcat initialized with port(s): 8080 (http)
2022-07-15 17:07:55 [main] INFO  o.a.coyote.http11.Http11NioProtocol - Initializing ProtocolHandler ["http-nio-8080"]
2022-07-15 17:07:55 [main] INFO  o.a.catalina.core.StandardService - Starting service [Tomcat]
2022-07-15 17:07:55 [main] INFO  o.a.catalina.core.StandardEngine - Starting Servlet engine: [Apache Tomcat/9.0.64]
2022-07-15 17:07:55 [main] INFO  o.a.c.c.C.[Tomcat].[localhost].[/] - Initializing Spring embedded WebApplicationContext
2022-07-15 17:07:55 [main] INFO  o.s.b.w.s.c.ServletWebServerApplicationContext - Root WebApplicationContext: initialization completed in 688 ms
2022-07-15 17:07:55 [main] WARN  o.s.b.w.s.c.AnnotationConfigServletWebServerApplicationContext - Exception encountered during context initialization - cancelling refresh attempt: org.springframework.beans.factory.UnsatisfiedDependencyException: Error creating bean with name 'twitterToKafkaApp': Unsatisfied dependency expressed through constructor parameter 0; nested exception is org.springframework.boot.context.properties.ConfigurationPropertiesBindException: Error creating bean with name 'twitterToKafkaProperties': Could not bind properties to 'TwitterToKafkaProperties' : prefix=twitter-app, ignoreInvalidFields=false, ignoreUnknownFields=true; nested exception is org.springframework.boot.context.properties.bind.BindException: Failed to bind properties under 'twitter-app' to com.twitter.app.demo.TwitterToKafkaProperties$$EnhancerBySpringCGLIB$$62cfdedb
2022-07-15 17:07:55 [main] INFO  o.a.catalina.core.StandardService - Stopping service [Tomcat]
2022-07-15 17:07:55 [main] INFO  o.s.b.a.l.ConditionEvaluationReportLoggingListener - 

Error starting ApplicationContext. To display the conditions report re-run your application with 'debug' enabled.
2022-07-15 17:07:55 [main] ERROR o.s.b.d.LoggingFailureAnalysisReporter - 

***************************
APPLICATION FAILED TO START
***************************

Description:

Failed to bind properties under 'twitter-app' to com.twitter.app.demo.TwitterToKafkaProperties$$EnhancerBySpringCGLIB$$62cfdedb:

    Property: twitter-app.bearer-token
    Value: AAAAAAAAAAAAAAAAAAAAAJOJegEAAAAAwG0rF8Wojz3WUplXKBtcaEEWtFw%3DhrAqEf5WCn5hjsNMYjlNJvoqHDS0b7PDDeNTlbPpC1IgoIkB6R
    Origin: class path resource [application.yaml] - 2:18
    Reason: java.lang.IllegalStateException: No setter found for property: bearer-token

Action:

Update your application's configuration

2022-07-15 17:08:39 [main] INFO  c.twitter.app.demo.TwitterToKafkaApp - Starting TwitterToKafkaApp using Java 17.0.3.0.1 on Berkers-MBP.fritz.box with PID 18722 (/Users/berkerigdir/twitter-app/app/twitter-to-kafka/target/classes started by berkerigdir in /Users/berkerigdir/twitter-app/app)
2022-07-15 17:08:39 [main] INFO  c.twitter.app.demo.TwitterToKafkaApp - No active profile set, falling back to 1 default profile: "default"
2022-07-15 17:08:40 [main] INFO  o.s.b.w.e.tomcat.TomcatWebServer - Tomcat initialized with port(s): 8080 (http)
2022-07-15 17:08:40 [main] INFO  o.a.coyote.http11.Http11NioProtocol - Initializing ProtocolHandler ["http-nio-8080"]
2022-07-15 17:08:40 [main] INFO  o.a.catalina.core.StandardService - Starting service [Tomcat]
2022-07-15 17:08:40 [main] INFO  o.a.catalina.core.StandardEngine - Starting Servlet engine: [Apache Tomcat/9.0.64]
2022-07-15 17:08:40 [main] INFO  o.a.c.c.C.[Tomcat].[localhost].[/] - Initializing Spring embedded WebApplicationContext
2022-07-15 17:08:40 [main] INFO  o.s.b.w.s.c.ServletWebServerApplicationContext - Root WebApplicationContext: initialization completed in 793 ms
2022-07-15 17:08:40 [main] INFO  o.a.coyote.http11.Http11NioProtocol - Starting ProtocolHandler ["http-nio-8080"]
2022-07-15 17:08:40 [main] INFO  o.s.b.w.e.tomcat.TomcatWebServer - Tomcat started on port(s): 8080 (http) with context path ''
2022-07-15 17:08:40 [main] INFO  c.twitter.app.demo.TwitterToKafkaApp - Started TwitterToKafkaApp in 1.594 seconds (JVM running for 2.39)
